Flow report for All
Fri Nov 08 09:09:39 2019
Quartus Prime Version 18.0.0 Build 614 04/24/2018 SJ Lite Edition


---------------------
; Table of Contents ;
---------------------
  1. Legal Notice
  2. Flow Summary
  3. Flow Settings
  4. Flow Non-Default Global Settings
  5. Flow Elapsed Time
  6. Flow OS Summary
  7. Flow Log
  8. Flow Messages
  9. Flow Suppressed Messages



----------------
; Legal Notice ;
----------------
Copyright (C) 2018  Intel Corporation. All rights reserved.
Your use of Intel Corporation's design tools, logic functions 
and other software and tools, and its AMPP partner logic 
functions, and any output files from any of the foregoing 
(including device programming or simulation files), and any 
associated documentation or information are expressly subject 
to the terms and conditions of the Intel Program License 
Subscription Agreement, the Intel Quartus Prime License Agreement,
the Intel FPGA IP License Agreement, or other applicable license
agreement, including, without limitation, that your use is for
the sole purpose of programming logic devices manufactured by
Intel and sold by Intel or its authorized distributors.  Please
refer to the applicable agreement for further details.



+----------------------------------------------------------------------------------+
; Flow Summary                                                                     ;
+------------------------------------+---------------------------------------------+
; Flow Status                        ; Successful - Fri Nov 08 09:09:31 2019       ;
; Quartus Prime Version              ; 18.0.0 Build 614 04/24/2018 SJ Lite Edition ;
; Revision Name                      ; All                                         ;
; Top-level Entity Name              ; All                                         ;
; Family                             ; MAX 10                                      ;
; Device                             ; 10M50DAF484C7G                              ;
; Timing Models                      ; Final                                       ;
; Total logic elements               ; 28 / 49,760 ( < 1 % )                       ;
;     Total combinational functions  ; 28 / 49,760 ( < 1 % )                       ;
;     Dedicated logic registers      ; 8 / 49,760 ( < 1 % )                        ;
; Total registers                    ; 8                                           ;
; Total pins                         ; 30 / 360 ( 8 % )                            ;
; Total virtual pins                 ; 0                                           ;
; Total memory bits                  ; 0 / 1,677,312 ( 0 % )                       ;
; Embedded Multiplier 9-bit elements ; 0 / 288 ( 0 % )                             ;
; Total PLLs                         ; 0 / 4 ( 0 % )                               ;
; UFM blocks                         ; 0 / 1 ( 0 % )                               ;
; ADC blocks                         ; 0 / 2 ( 0 % )                               ;
+------------------------------------+---------------------------------------------+


+-----------------------------------------+
; Flow Settings                           ;
+-------------------+---------------------+
; Option            ; Setting             ;
+-------------------+---------------------+
; Start date & time ; 11/08/2019 09:08:54 ;
; Main task         ; Compilation         ;
; Revision Name     ; All                 ;
+-------------------+---------------------+


+--------------------------------------------------------------------------------------------------------------------------------------+
; Flow Non-Default Global Settings                                                                                                     ;
+-------------------------------------+-----------------------------------------------------+---------------+-------------+------------+
; Assignment Name                     ; Value                                               ; Default Value ; Entity Name ; Section Id ;
+-------------------------------------+-----------------------------------------------------+---------------+-------------+------------+
; COMPILER_SIGNATURE_ID               ; 215938451462041.157320413322740                     ; --            ; --          ; --         ;
; MAX_CORE_JUNCTION_TEMP              ; 85                                                  ; --            ; --          ; --         ;
; MIN_CORE_JUNCTION_TEMP              ; 0                                                   ; --            ; --          ; --         ;
; PARTITION_COLOR                     ; -- (Not supported for targeted family)              ; --            ; --          ; Top        ;
; PARTITION_FITTER_PRESERVATION_LEVEL ; -- (Not supported for targeted family)              ; --            ; --          ; Top        ;
; PARTITION_NETLIST_TYPE              ; -- (Not supported for targeted family)              ; --            ; --          ; Top        ;
; PROJECT_OUTPUT_DIRECTORY            ; output_files                                        ; --            ; --          ; --         ;
; SEARCH_PATH                         ; d:\quartus projects\traffic lights\delayout         ; --            ; --          ; --         ;
; SEARCH_PATH                         ; e:\quartus projects\traffic lights\lightdecoder     ; --            ; --          ; --         ;
; SEARCH_PATH                         ; e:\quartus projects\traffic lights\delay            ; --            ; --          ; --         ;
; SEARCH_PATH                         ; e:\quartus projects\traffic lights\tlc              ; --            ; --          ; --         ;
; SEARCH_PATH                         ; d:\quartus projects\seven seg\full\7seg             ; --            ; --          ; --         ;
; SEARCH_PATH                         ; d:\quartus projects\traffic lights\lightdecoder     ; --            ; --          ; --         ;
; SEARCH_PATH                         ; d:\quartus projects\traffic lights\delay            ; --            ; --          ; --         ;
; SEARCH_PATH                         ; d:\quartus projects\traffic lights\srflipflopenable ; --            ; --          ; --         ;
; SEARCH_PATH                         ; d:\quartus projects\traffic lights\srflipflop       ; --            ; --          ; --         ;
; SEARCH_PATH                         ; d:\quartus projects\traffic lights\tlc              ; --            ; --          ; --         ;
; SEARCH_PATH                         ; d:\quartus projects\traffic lights                  ; --            ; --          ; --         ;
+-------------------------------------+-----------------------------------------------------+---------------+-------------+------------+


+--------------------------------------------------------------------------------------------------------------------------+
; Flow Elapsed Time                                                                                                        ;
+----------------------+--------------+-------------------------+---------------------+------------------------------------+
; Module Name          ; Elapsed Time ; Average Processors Used ; Peak Virtual Memory ; Total CPU Time (on all processors) ;
+----------------------+--------------+-------------------------+---------------------+------------------------------------+
; Analysis & Synthesis ; 00:00:12     ; 1.0                     ; 4811 MB             ; 00:00:22                           ;
; Fitter               ; 00:00:15     ; 1.0                     ; 5791 MB             ; 00:00:15                           ;
; Assembler            ; 00:00:05     ; 1.0                     ; 4705 MB             ; 00:00:03                           ;
; Timing Analyzer      ; 00:00:07     ; 1.0                     ; 4872 MB             ; 00:00:04                           ;
; Total                ; 00:00:39     ; --                      ; --                  ; 00:00:44                           ;
+----------------------+--------------+-------------------------+---------------------+------------------------------------+


+------------------------------------------------------------------------------------+
; Flow OS Summary                                                                    ;
+----------------------+------------------+------------+------------+----------------+
; Module Name          ; Machine Hostname ; OS Name    ; OS Version ; Processor type ;
+----------------------+------------------+------------+------------+----------------+
; Analysis & Synthesis ; UEA8CC9175310    ; Windows 10 ; 10.0       ; x86_64         ;
; Fitter               ; UEA8CC9175310    ; Windows 10 ; 10.0       ; x86_64         ;
; Assembler            ; UEA8CC9175310    ; Windows 10 ; 10.0       ; x86_64         ;
; Timing Analyzer      ; UEA8CC9175310    ; Windows 10 ; 10.0       ; x86_64         ;
+----------------------+------------------+------------+------------+----------------+


------------
; Flow Log ;
------------
quartus_map --read_settings_files=on --write_settings_files=off All -c All
quartus_fit --read_settings_files=off --write_settings_files=off All -c All
quartus_asm --read_settings_files=off --write_settings_files=off All -c All
quartus_sta All -c All



